This file contains any messages produced by compilers while
running configure, to aid debugging if configure makes a mistake.

It was created by SHTns configure 3.5.2, which was
generated by GNU Autoconf 2.71.  Invocation command line was

  $ ./configure --enable-openmp --enable-magic-layout --prefix=/home/delangen/magic_swan_gcc/magic/local --enable-ishioka --enable-mkl

## --------- ##
## Platform. ##
## --------- ##

hostname = swanl1
uname -m = x86_64
uname -r = 5.14.21-150400.24.55-default
uname -s = Linux
uname -v = #1 SMP PREEMPT_DYNAMIC Mon Mar 27 15:25:48 UTC 2023 (cc75cf8)

/usr/bin/uname -p = x86_64
/bin/uname -X     = unknown

/bin/arch              = x86_64
/usr/bin/arch -k       = unknown
/usr/convex/getsysinfo = unknown
/usr/bin/hostinfo      = unknown
/bin/machine           = unknown
/usr/bin/oslevel       = unknown
/bin/universe          = unknown

PATH: /sw/eb/OpenMPI/4.1.5-GCC-12.3.0/bin/
PATH: /sw/eb/FlexiBLAS/3.3.1-GCC-12.3.0/bin/
PATH: /sw/eb/FFTW/3.3.10-GCC-12.3.0/bin/
PATH: /sw/eb/UCC/1.2.0-GCCcore-12.3.0/bin/
PATH: /sw/eb/PMIx/4.2.4-GCCcore-12.3.0/bin/
PATH: /sw/eb/libfabric/1.18.0-GCCcore-12.3.0/bin/
PATH: /sw/eb/UCX/1.14.1-GCCcore-12.3.0/bin/
PATH: /sw/eb/hwloc/2.9.1-GCCcore-12.3.0/sbin/
PATH: /sw/eb/hwloc/2.9.1-GCCcore-12.3.0/bin/
PATH: /sw/eb/libxml2/2.11.4-GCCcore-12.3.0/bin/
PATH: /sw/eb/XZ/5.4.2-GCCcore-12.3.0/bin/
PATH: /sw/eb/libevent/2.1.12-GCCcore-12.3.0/bin/
PATH: /sw/eb/numactl/2.0.16-GCCcore-12.3.0/bin/
PATH: /sw/eb/binutils/2.40-GCCcore-12.3.0/bin/
PATH: /sw/eb/GCCcore/12.3.0/bin/
PATH: /sw/eb/Miniconda3/23.9.0-0/
PATH: /sw/eb/Miniconda3/23.9.0-0/sbin/
PATH: /sw/eb/Miniconda3/23.9.0-0/bin/
PATH: /sw/eb/OpenSSL/1.1/bin/
PATH: /sw/eb/impi/2021.9.0-intel-compilers-2023.1.0/mpi/2021.9.0/libfabric/bin/
PATH: /sw/eb/impi/2021.9.0-intel-compilers-2023.1.0/mpi/2021.9.0/bin/
PATH: /sw/eb/intel-compilers/2023.1.0/compiler/2023.1.0/linux/bin/intel64/
PATH: /sw/eb/intel-compilers/2023.1.0/compiler/2023.1.0/linux/bin/
PATH: /home/delangen/.conda/envs/magic4swan/bin/
PATH: /sw/eb/Miniconda3/23.9.0-0/condabin/
PATH: /opt/local/bin/
PATH: /usr/local/bin/
PATH: /usr/bin/
PATH: /bin/
PATH: /home/delangen/magic_swan_gcc/magic/bin/
PATH: /home/delangen/magic_swan_gcc/magic/src/


## ----------- ##
## Core tests. ##
## ----------- ##

configure:2612: checking for gcc
configure:2644: result: gcc
configure:2997: checking for C compiler version
configure:3006: gcc --version >&5
gcc (GCC) 12.3.0
Copyright (C) 2022 Free Software Foundation, Inc.
This is free software; see the source for copying conditions.  There is NO
warranty; not even for MERCHANTABILITY or FITNESS FOR A PARTICULAR PURPOSE.

configure:3017: $? = 0
configure:3006: gcc -v >&5
Using built-in specs.
COLLECT_GCC=gcc
COLLECT_LTO_WRAPPER=/sw/eb/GCCcore/12.3.0/libexec/gcc/x86_64-pc-linux-gnu/12.3.0/lto-wrapper
OFFLOAD_TARGET_NAMES=nvptx-none
Target: x86_64-pc-linux-gnu
Configured with: ../configure --enable-languages=c,c++,fortran --without-cuda-driver --enable-offload-targets=nvptx-none --enable-lto --enable-checking=release --disable-multilib --enable-shared=yes --enable-static=yes --enable-threads=posix --enable-plugins --enable-gold --enable-ld=default --prefix=/sw/eb/GCCcore/12.3.0 --with-local-prefix=/sw/eb/GCCcore/12.3.0 --enable-bootstrap --with-isl=/sw/eb/easybuild/build/GCCcore/12.3.0/system-system/gcc-12.3.0/stage2_stuff --build=x86_64-pc-linux-gnu --host=x86_64-pc-linux-gnu
Thread model: posix
Supported LTO compression algorithms: zlib
gcc version 12.3.0 (GCC) 
configure:3017: $? = 0
configure:3006: gcc -V >&5
gcc: error: unrecognized command-line option '-V'
gcc: fatal error: no input files
compilation terminated.
configure:3017: $? = 1
configure:3006: gcc -qversion >&5
gcc: error: unrecognized command-line option '-qversion'; did you mean '--version'?
gcc: fatal error: no input files
compilation terminated.
configure:3017: $? = 1
configure:3006: gcc -version >&5
gcc: error: unrecognized command-line option '-version'
gcc: fatal error: no input files
compilation terminated.
configure:3017: $? = 1
configure:3037: checking whether the C compiler works
configure:3059: gcc -O2 -I/home/delangen/magic_swan_gcc/magic/local/include -L/home/delangen/magic_swan_gcc/magic/local/lib   conftest.c  >&5
configure:3063: $? = 0
configure:3113: result: yes
configure:3116: checking for C compiler default output file name
configure:3118: result: a.out
configure:3124: checking for suffix of executables
configure:3131: gcc -o conftest -O2 -I/home/delangen/magic_swan_gcc/magic/local/include -L/home/delangen/magic_swan_gcc/magic/local/lib   conftest.c  >&5
configure:3135: $? = 0
configure:3158: result: 
configure:3180: checking whether we are cross compiling
configure:3188: gcc -o conftest -O2 -I/home/delangen/magic_swan_gcc/magic/local/include -L/home/delangen/magic_swan_gcc/magic/local/lib   conftest.c  >&5
configure:3192: $? = 0
configure:3199: ./conftest
configure:3203: $? = 0
configure:3218: result: no
configure:3223: checking for suffix of object files
configure:3246: gcc -c -O2 -I/home/delangen/magic_swan_gcc/magic/local/include -L/home/delangen/magic_swan_gcc/magic/local/lib  conftest.c >&5
configure:3250: $? = 0
configure:3272: result: o
configure:3276: checking whether the compiler supports GNU C
configure:3296: gcc -c -O2 -I/home/delangen/magic_swan_gcc/magic/local/include -L/home/delangen/magic_swan_gcc/magic/local/lib  conftest.c >&5
configure:3296: $? = 0
configure:3306: result: yes
configure:3317: checking whether gcc accepts -g
configure:3338: gcc -c -g  conftest.c >&5
configure:3338: $? = 0
configure:3382: result: yes
configure:3402: checking for gcc option to enable C11 features
configure:3417: gcc  -c -O2 -I/home/delangen/magic_swan_gcc/magic/local/include -L/home/delangen/magic_swan_gcc/magic/local/lib  conftest.c >&5
configure:3417: $? = 0
configure:3435: result: none needed
configure:3545: checking for a sed that does not truncate output
configure:3615: result: /usr/bin/sed
configure:3643: checking whether gcc accepts -march=native
configure:3658: gcc -c -O2 -I/home/delangen/magic_swan_gcc/magic/local/include -L/home/delangen/magic_swan_gcc/magic/local/lib -march=native  conftest.c >&5
configure:3658: $? = 0
configure:3661: result: yes
configure:3674: checking whether gcc accepts -mtune=skylake
configure:3689: gcc -c -O2 -I/home/delangen/magic_swan_gcc/magic/local/include -L/home/delangen/magic_swan_gcc/magic/local/lib -march=native -mtune=skylake  conftest.c >&5
configure:3689: $? = 0
configure:3692: result: yes
configure:3705: checking whether gcc accepts -qopt-zmm-usage=high
configure:3720: gcc -c -O2 -I/home/delangen/magic_swan_gcc/magic/local/include -L/home/delangen/magic_swan_gcc/magic/local/lib -march=native -mtune=skylake -qopt-zmm-usage=high  conftest.c >&5
gcc: error: unrecognized command-line option '-qopt-zmm-usage=high'
configure:3720: $? = 1
configure: failed program was:
| /* confdefs.h */
| #define PACKAGE_NAME "SHTns"
| #define PACKAGE_TARNAME "shtns"
| #define PACKAGE_VERSION "3.5.2"
| #define PACKAGE_STRING "SHTns 3.5.2"
| #define PACKAGE_BUGREPORT ""
| #define PACKAGE_URL "https://bitbucket.org/nschaeff/shtns"
| /* end confdefs.h.  */
| 
| int
| main (void)
| {
| 
|   ;
|   return 0;
| }
configure:3728: result: no
configure:3804: checking whether gcc accepts -ffast-math
configure:3819: gcc -c -O2 -I/home/delangen/magic_swan_gcc/magic/local/include -L/home/delangen/magic_swan_gcc/magic/local/lib -march=native -mtune=skylake -O3 -ffast-math  conftest.c >&5
configure:3819: $? = 0
configure:3822: result: yes
configure:3834: checking whether gcc accepts -std=gnu99
configure:3849: gcc -c -O2 -I/home/delangen/magic_swan_gcc/magic/local/include -L/home/delangen/magic_swan_gcc/magic/local/lib -march=native -mtune=skylake -O3 -ffast-math -std=gnu99  conftest.c >&5
configure:3849: $? = 0
configure:3852: result: yes
configure:3864: checking whether gcc accepts -fopenmp-simd
configure:3879: gcc -c -O2 -I/home/delangen/magic_swan_gcc/magic/local/include -L/home/delangen/magic_swan_gcc/magic/local/lib -march=native -mtune=skylake -O3 -ffast-math -std=gnu99 -fopenmp-simd  conftest.c >&5
configure:3879: $? = 0
configure:3882: result: yes
configure:3894: checking whether gcc accepts -qopenmp-simd
configure:3909: gcc -c -O2 -I/home/delangen/magic_swan_gcc/magic/local/include -L/home/delangen/magic_swan_gcc/magic/local/lib -march=native -mtune=skylake -O3 -ffast-math -std=gnu99 -fopenmp-simd -qopenmp-simd  conftest.c >&5
gcc: error: unrecognized command-line option '-qopenmp-simd'; did you mean '-Wopenmp-simd'?
configure:3909: $? = 1
configure: failed program was:
| /* confdefs.h */
| #define PACKAGE_NAME "SHTns"
| #define PACKAGE_TARNAME "shtns"
| #define PACKAGE_VERSION "3.5.2"
| #define PACKAGE_STRING "SHTns 3.5.2"
| #define PACKAGE_BUGREPORT ""
| #define PACKAGE_URL "https://bitbucket.org/nschaeff/shtns"
| /* end confdefs.h.  */
| 
| int
| main (void)
| {
| 
|   ;
|   return 0;
| }
configure:3917: result: no
configure:3925: checking whether gcc accepts -fno-tree-loop-distribute-patterns
configure:3940: gcc -c -O2 -I/home/delangen/magic_swan_gcc/magic/local/include -L/home/delangen/magic_swan_gcc/magic/local/lib -march=native -mtune=skylake -O3 -ffast-math -std=gnu99 -fopenmp-simd -fno-tree-loop-distribute-patterns  conftest.c >&5
configure:3940: $? = 0
configure:3943: result: yes
configure:3956: checking whether gcc accepts -mno-vzeroupper
configure:3971: gcc -c -O2 -I/home/delangen/magic_swan_gcc/magic/local/include -L/home/delangen/magic_swan_gcc/magic/local/lib -march=native -mtune=skylake -O3 -ffast-math -std=gnu99 -fopenmp-simd -fno-tree-loop-distribute-patterns -mno-vzeroupper  conftest.c >&5
configure:3971: $? = 0
configure:3974: result: yes
configure:4039: checking whether gcc accepts -march=native
configure:4054: gcc -c -O2 -I/home/delangen/magic_swan_gcc/magic/local/include -L/home/delangen/magic_swan_gcc/magic/local/lib -march=native  conftest.c >&5
configure:4054: $? = 0
configure:4057: result: yes
configure:4070: checking whether gcc accepts -mtune=skylake
configure:4085: gcc -c -O2 -I/home/delangen/magic_swan_gcc/magic/local/include -L/home/delangen/magic_swan_gcc/magic/local/lib -march=native -mtune=skylake  conftest.c >&5
configure:4085: $? = 0
configure:4088: result: yes
configure:4101: checking whether gcc accepts -qopt-zmm-usage=high
configure:4116: gcc -c -O2 -I/home/delangen/magic_swan_gcc/magic/local/include -L/home/delangen/magic_swan_gcc/magic/local/lib -march=native -mtune=skylake -qopt-zmm-usage=high  conftest.c >&5
gcc: error: unrecognized command-line option '-qopt-zmm-usage=high'
configure:4116: $? = 1
configure: failed program was:
| /* confdefs.h */
| #define PACKAGE_NAME "SHTns"
| #define PACKAGE_TARNAME "shtns"
| #define PACKAGE_VERSION "3.5.2"
| #define PACKAGE_STRING "SHTns 3.5.2"
| #define PACKAGE_BUGREPORT ""
| #define PACKAGE_URL "https://bitbucket.org/nschaeff/shtns"
| /* end confdefs.h.  */
| 
| int
| main (void)
| {
| 
|   ;
|   return 0;
| }
configure:4124: result: no
configure:4209: checking whether gcc accepts -ffast-math
configure:4224: gcc -c -O2 -I/home/delangen/magic_swan_gcc/magic/local/include -L/home/delangen/magic_swan_gcc/magic/local/lib -march=native -mtune=skylake -ffast-math  conftest.c >&5
configure:4224: $? = 0
configure:4227: result: yes
configure:4239: checking whether gcc accepts -std=gnu99
configure:4254: gcc -c -O2 -I/home/delangen/magic_swan_gcc/magic/local/include -L/home/delangen/magic_swan_gcc/magic/local/lib -march=native -mtune=skylake -ffast-math -std=gnu99  conftest.c >&5
configure:4254: $? = 0
configure:4257: result: yes
configure:4274: checking for stdio.h
configure:4274: gcc -c -O2 -I/home/delangen/magic_swan_gcc/magic/local/include -L/home/delangen/magic_swan_gcc/magic/local/lib -march=native -mtune=skylake -ffast-math -std=gnu99  conftest.c >&5
configure:4274: $? = 0
configure:4274: result: yes
configure:4274: checking for stdlib.h
configure:4274: gcc -c -O2 -I/home/delangen/magic_swan_gcc/magic/local/include -L/home/delangen/magic_swan_gcc/magic/local/lib -march=native -mtune=skylake -ffast-math -std=gnu99  conftest.c >&5
configure:4274: $? = 0
configure:4274: result: yes
configure:4274: checking for string.h
configure:4274: gcc -c -O2 -I/home/delangen/magic_swan_gcc/magic/local/include -L/home/delangen/magic_swan_gcc/magic/local/lib -march=native -mtune=skylake -ffast-math -std=gnu99  conftest.c >&5
configure:4274: $? = 0
configure:4274: result: yes
configure:4274: checking for inttypes.h
configure:4274: gcc -c -O2 -I/home/delangen/magic_swan_gcc/magic/local/include -L/home/delangen/magic_swan_gcc/magic/local/lib -march=native -mtune=skylake -ffast-math -std=gnu99  conftest.c >&5
configure:4274: $? = 0
configure:4274: result: yes
configure:4274: checking for stdint.h
configure:4274: gcc -c -O2 -I/home/delangen/magic_swan_gcc/magic/local/include -L/home/delangen/magic_swan_gcc/magic/local/lib -march=native -mtune=skylake -ffast-math -std=gnu99  conftest.c >&5
configure:4274: $? = 0
configure:4274: result: yes
configure:4274: checking for strings.h
configure:4274: gcc -c -O2 -I/home/delangen/magic_swan_gcc/magic/local/include -L/home/delangen/magic_swan_gcc/magic/local/lib -march=native -mtune=skylake -ffast-math -std=gnu99  conftest.c >&5
configure:4274: $? = 0
configure:4274: result: yes
configure:4274: checking for sys/stat.h
configure:4274: gcc -c -O2 -I/home/delangen/magic_swan_gcc/magic/local/include -L/home/delangen/magic_swan_gcc/magic/local/lib -march=native -mtune=skylake -ffast-math -std=gnu99  conftest.c >&5
configure:4274: $? = 0
configure:4274: result: yes
configure:4274: checking for sys/types.h
configure:4274: gcc -c -O2 -I/home/delangen/magic_swan_gcc/magic/local/include -L/home/delangen/magic_swan_gcc/magic/local/lib -march=native -mtune=skylake -ffast-math -std=gnu99  conftest.c >&5
configure:4274: $? = 0
configure:4274: result: yes
configure:4274: checking for unistd.h
configure:4274: gcc -c -O2 -I/home/delangen/magic_swan_gcc/magic/local/include -L/home/delangen/magic_swan_gcc/magic/local/lib -march=native -mtune=skylake -ffast-math -std=gnu99  conftest.c >&5
configure:4274: $? = 0
configure:4274: result: yes
configure:4299: checking for stdlib.h
configure:4299: result: yes
configure:4305: checking for stdio.h
configure:4305: result: yes
configure:4311: checking for string.h
configure:4311: result: yes
configure:4317: checking for math.h
configure:4317: gcc -c -O2 -I/home/delangen/magic_swan_gcc/magic/local/include -L/home/delangen/magic_swan_gcc/magic/local/lib -march=native -mtune=skylake -ffast-math -std=gnu99  conftest.c >&5
configure:4317: $? = 0
configure:4317: result: yes
configure:4323: checking for complex.h
configure:4323: gcc -c -O2 -I/home/delangen/magic_swan_gcc/magic/local/include -L/home/delangen/magic_swan_gcc/magic/local/lib -march=native -mtune=skylake -ffast-math -std=gnu99  conftest.c >&5
configure:4323: $? = 0
configure:4323: result: yes
configure:4332: checking for cos in -lm
configure:4355: gcc -o conftest -O2 -I/home/delangen/magic_swan_gcc/magic/local/include -L/home/delangen/magic_swan_gcc/magic/local/lib -march=native -mtune=skylake -ffast-math -std=gnu99   conftest.c -lm   >&5
conftest.c:28:6: warning: conflicting types for built-in function 'cos'; expected 'double(double)' [-Wbuiltin-declaration-mismatch]
   28 | char cos ();
      |      ^~~
conftest.c:1:1: note: 'cos' is declared in header '<math.h>'
    1 | /* confdefs.h */
configure:4355: $? = 0
configure:4365: result: yes
configure:4416: checking for gcc option to support OpenMP
configure:4438: gcc -c -O2 -I/home/delangen/magic_swan_gcc/magic/local/include -L/home/delangen/magic_swan_gcc/magic/local/lib -march=native -mtune=skylake -ffast-math -std=gnu99   conftest.c >&5
conftest.c:28:2: error: #error "OpenMP not supported"
   28 | #error "OpenMP not supported"
      |  ^~~~~
configure:4438: $? = 1
configure: failed program was:
| /* confdefs.h */
| #define PACKAGE_NAME "SHTns"
| #define PACKAGE_TARNAME "shtns"
| #define PACKAGE_VERSION "3.5.2"
| #define PACKAGE_STRING "SHTns 3.5.2"
| #define PACKAGE_BUGREPORT ""
| #define PACKAGE_URL "https://bitbucket.org/nschaeff/shtns"
| #define HAVE_STDIO_H 1
| #define HAVE_STDLIB_H 1
| #define HAVE_STRING_H 1
| #define HAVE_INTTYPES_H 1
| #define HAVE_STDINT_H 1
| #define HAVE_STRINGS_H 1
| #define HAVE_SYS_STAT_H 1
| #define HAVE_SYS_TYPES_H 1
| #define HAVE_UNISTD_H 1
| #define STDC_HEADERS 1
| #define HAVE_STDLIB_H 1
| #define HAVE_STDIO_H 1
| #define HAVE_STRING_H 1
| #define HAVE_MATH_H 1
| #define HAVE_COMPLEX_H 1
| #define HAVE_LIBM 1
| #define SHTNS4MAGIC 1
| /* end confdefs.h.  */
| 
| #ifndef _OPENMP
| #error "OpenMP not supported"
| #endif
| #include <omp.h>
| int main (void) { return omp_get_num_threads (); }
| 
configure:4438: gcc -c -O2 -I/home/delangen/magic_swan_gcc/magic/local/include -L/home/delangen/magic_swan_gcc/magic/local/lib -march=native -mtune=skylake -ffast-math -std=gnu99 -fopenmp  conftest.c >&5
configure:4438: $? = 0
configure:4450: gcc -o conftest -O2 -I/home/delangen/magic_swan_gcc/magic/local/include -L/home/delangen/magic_swan_gcc/magic/local/lib -march=native -mtune=skylake -ffast-math -std=gnu99 -fopenmp   conftest.c -lm  >&5
configure:4450: $? = 0
configure:4473: result: -fopenmp
configure:4723: checking whether gcc accepts -mkl
configure:4738: gcc -c -O2 -I/home/delangen/magic_swan_gcc/magic/local/include -L/home/delangen/magic_swan_gcc/magic/local/lib -march=native -mtune=skylake -ffast-math -std=gnu99 -fopenmp -mkl  conftest.c >&5
configure:4738: $? = 0
configure:4741: result: yes
configure:4746: checking for fftw_plan_many_dft
configure:4746: gcc -o conftest -O2 -I/home/delangen/magic_swan_gcc/magic/local/include -L/home/delangen/magic_swan_gcc/magic/local/lib -march=native -mtune=skylake -ffast-math -std=gnu99 -fopenmp   conftest.c -mkl -lm  >&5
/sw/eb/binutils/2.40-GCCcore-12.3.0/bin/ld: /tmp/ccvRrszL.o: in function `main':
conftest.c:(.text.startup+0x7): undefined reference to `fftw_plan_many_dft'
collect2: error: ld returned 1 exit status
configure:4746: $? = 1
configure: failed program was:
| /* confdefs.h */
| #define PACKAGE_NAME "SHTns"
| #define PACKAGE_TARNAME "shtns"
| #define PACKAGE_VERSION "3.5.2"
| #define PACKAGE_STRING "SHTns 3.5.2"
| #define PACKAGE_BUGREPORT ""
| #define PACKAGE_URL "https://bitbucket.org/nschaeff/shtns"
| #define HAVE_STDIO_H 1
| #define HAVE_STDLIB_H 1
| #define HAVE_STRING_H 1
| #define HAVE_INTTYPES_H 1
| #define HAVE_STDINT_H 1
| #define HAVE_STRINGS_H 1
| #define HAVE_SYS_STAT_H 1
| #define HAVE_SYS_TYPES_H 1
| #define HAVE_UNISTD_H 1
| #define STDC_HEADERS 1
| #define HAVE_STDLIB_H 1
| #define HAVE_STDIO_H 1
| #define HAVE_STRING_H 1
| #define HAVE_MATH_H 1
| #define HAVE_COMPLEX_H 1
| #define HAVE_LIBM 1
| #define SHTNS4MAGIC 1
| /* end confdefs.h.  */
| /* Define fftw_plan_many_dft to an innocuous variant, in case <limits.h> declares fftw_plan_many_dft.
|    For example, HP-UX 11i <limits.h> declares gettimeofday.  */
| #define fftw_plan_many_dft innocuous_fftw_plan_many_dft
| 
| /* System header to define __stub macros and hopefully few prototypes,
|    which can conflict with char fftw_plan_many_dft (); below.  */
| 
| #include <limits.h>
| #undef fftw_plan_many_dft
| 
| /* Override any GCC internal prototype to avoid an error.
|    Use char because int might match the return type of a GCC
|    builtin and then its argument prototype would still apply.  */
| #ifdef __cplusplus
| extern "C"
| #endif
| char fftw_plan_many_dft ();
| /* The GNU C library defines this for functions which it implements
|     to always fail with ENOSYS.  Some functions are actually named
|     something starting with __ and the normal name is an alias.  */
| #if defined __stub_fftw_plan_many_dft || defined __stub___fftw_plan_many_dft
| choke me
| #endif
| 
| int
| main (void)
| {
| return fftw_plan_many_dft ();
|   ;
|   return 0;
| }
configure:4746: result: no
configure:4757: "FFTW interface not found in MKL libraries (-mkl)."
configure:4789: checking for fftw_plan_many_dft in -lmkl_intel_lp64
configure:4812: gcc -o conftest -O2 -I/home/delangen/magic_swan_gcc/magic/local/include -L/home/delangen/magic_swan_gcc/magic/local/lib -march=native -mtune=skylake -ffast-math -std=gnu99 -fopenmp   -L/sw/eb/imkl/2023.1.0/mkl/2023.1.0/lib/intel64 conftest.c -lmkl_intel_lp64 -Wl,--start-group -lmkl_intel_lp64 -lmkl_gnu_thread -lmkl_core -Wl,--end-group -lm  >&5
configure:4812: $? = 0
configure:4822: result: yes
configure:4828: "FFTW interface found in MKL, link with -Wl,--start-group -lmkl_intel_lp64 -lmkl_gnu_thread -lmkl_core -Wl,--end-group"
configure:5121: checking for size_t
configure:5121: gcc -c -O2 -I/home/delangen/magic_swan_gcc/magic/local/include -L/home/delangen/magic_swan_gcc/magic/local/lib -march=native -mtune=skylake -ffast-math -std=gnu99 -fopenmp  conftest.c >&5
configure:5121: $? = 0
configure:5121: gcc -c -O2 -I/home/delangen/magic_swan_gcc/magic/local/include -L/home/delangen/magic_swan_gcc/magic/local/lib -march=native -mtune=skylake -ffast-math -std=gnu99 -fopenmp  conftest.c >&5
conftest.c: In function 'main':
conftest.c:62:21: error: expected expression before ')' token
   62 | if (sizeof ((size_t)))
      |                     ^
configure:5121: $? = 1
configure: failed program was:
| /* confdefs.h */
| #define PACKAGE_NAME "SHTns"
| #define PACKAGE_TARNAME "shtns"
| #define PACKAGE_VERSION "3.5.2"
| #define PACKAGE_STRING "SHTns 3.5.2"
| #define PACKAGE_BUGREPORT ""
| #define PACKAGE_URL "https://bitbucket.org/nschaeff/shtns"
| #define HAVE_STDIO_H 1
| #define HAVE_STDLIB_H 1
| #define HAVE_STRING_H 1
| #define HAVE_INTTYPES_H 1
| #define HAVE_STDINT_H 1
| #define HAVE_STRINGS_H 1
| #define HAVE_SYS_STAT_H 1
| #define HAVE_SYS_TYPES_H 1
| #define HAVE_UNISTD_H 1
| #define STDC_HEADERS 1
| #define HAVE_STDLIB_H 1
| #define HAVE_STDIO_H 1
| #define HAVE_STRING_H 1
| #define HAVE_MATH_H 1
| #define HAVE_COMPLEX_H 1
| #define HAVE_LIBM 1
| #define SHTNS4MAGIC 1
| #define HAVE_LIBFFTW3_OMP 1
| #define SHT_F77_API 1
| #define _GCC_VEC_ 1
| #define SHTNS_ISHIOKA 1
| #define SHT_VERBOSE 1
| /* end confdefs.h.  */
| #include <stddef.h>
| #ifdef HAVE_STDIO_H
| # include <stdio.h>
| #endif
| #ifdef HAVE_STDLIB_H
| # include <stdlib.h>
| #endif
| #ifdef HAVE_STRING_H
| # include <string.h>
| #endif
| #ifdef HAVE_INTTYPES_H
| # include <inttypes.h>
| #endif
| #ifdef HAVE_STDINT_H
| # include <stdint.h>
| #endif
| #ifdef HAVE_STRINGS_H
| # include <strings.h>
| #endif
| #ifdef HAVE_SYS_TYPES_H
| # include <sys/types.h>
| #endif
| #ifdef HAVE_SYS_STAT_H
| # include <sys/stat.h>
| #endif
| #ifdef HAVE_UNISTD_H
| # include <unistd.h>
| #endif
| int
| main (void)
| {
| if (sizeof ((size_t)))
| 	    return 0;
|   ;
|   return 0;
| }
configure:5121: result: yes
configure:5135: checking for fftw_cost
configure:5135: gcc -o conftest -O2 -I/home/delangen/magic_swan_gcc/magic/local/include -L/home/delangen/magic_swan_gcc/magic/local/lib -march=native -mtune=skylake -ffast-math -std=gnu99 -fopenmp   -L/sw/eb/imkl/2023.1.0/mkl/2023.1.0/lib/intel64 conftest.c -Wl,--start-group -lmkl_intel_lp64 -lmkl_gnu_thread -lmkl_core -Wl,--end-group -lm  >&5
configure:5135: $? = 0
configure:5135: result: yes
configure:5144: checking for inline
configure:5161: gcc -c -O2 -I/home/delangen/magic_swan_gcc/magic/local/include -L/home/delangen/magic_swan_gcc/magic/local/lib -march=native -mtune=skylake -ffast-math -std=gnu99 -fopenmp  conftest.c >&5
configure:5161: $? = 0
configure:5170: result: inline
configure:5188: checking for sys/time.h
configure:5188: gcc -c -O2 -I/home/delangen/magic_swan_gcc/magic/local/include -L/home/delangen/magic_swan_gcc/magic/local/lib -march=native -mtune=skylake -ffast-math -std=gnu99 -fopenmp  conftest.c >&5
configure:5188: $? = 0
configure:5188: result: yes
configure:5194: checking for c_asm.h
configure:5194: gcc -c -O2 -I/home/delangen/magic_swan_gcc/magic/local/include -L/home/delangen/magic_swan_gcc/magic/local/lib -march=native -mtune=skylake -ffast-math -std=gnu99 -fopenmp  conftest.c >&5
conftest.c:61:10: fatal error: c_asm.h: No such file or directory
   61 | #include <c_asm.h>
      |          ^~~~~~~~~
compilation terminated.
configure:5194: $? = 1
configure: failed program was:
| /* confdefs.h */
| #define PACKAGE_NAME "SHTns"
| #define PACKAGE_TARNAME "shtns"
| #define PACKAGE_VERSION "3.5.2"
| #define PACKAGE_STRING "SHTns 3.5.2"
| #define PACKAGE_BUGREPORT ""
| #define PACKAGE_URL "https://bitbucket.org/nschaeff/shtns"
| #define HAVE_STDIO_H 1
| #define HAVE_STDLIB_H 1
| #define HAVE_STRING_H 1
| #define HAVE_INTTYPES_H 1
| #define HAVE_STDINT_H 1
| #define HAVE_STRINGS_H 1
| #define HAVE_SYS_STAT_H 1
| #define HAVE_SYS_TYPES_H 1
| #define HAVE_UNISTD_H 1
| #define STDC_HEADERS 1
| #define HAVE_STDLIB_H 1
| #define HAVE_STDIO_H 1
| #define HAVE_STRING_H 1
| #define HAVE_MATH_H 1
| #define HAVE_COMPLEX_H 1
| #define HAVE_LIBM 1
| #define SHTNS4MAGIC 1
| #define HAVE_LIBFFTW3_OMP 1
| #define SHT_F77_API 1
| #define _GCC_VEC_ 1
| #define SHTNS_ISHIOKA 1
| #define SHT_VERBOSE 1
| #define HAVE_FFTW_COST 1
| #define HAVE_SYS_TIME_H 1
| /* end confdefs.h.  */
| #include <stddef.h>
| #ifdef HAVE_STDIO_H
| # include <stdio.h>
| #endif
| #ifdef HAVE_STDLIB_H
| # include <stdlib.h>
| #endif
| #ifdef HAVE_STRING_H
| # include <string.h>
| #endif
| #ifdef HAVE_INTTYPES_H
| # include <inttypes.h>
| #endif
| #ifdef HAVE_STDINT_H
| # include <stdint.h>
| #endif
| #ifdef HAVE_STRINGS_H
| # include <strings.h>
| #endif
| #ifdef HAVE_SYS_TYPES_H
| # include <sys/types.h>
| #endif
| #ifdef HAVE_SYS_STAT_H
| # include <sys/stat.h>
| #endif
| #ifdef HAVE_UNISTD_H
| # include <unistd.h>
| #endif
| #include <c_asm.h>
configure:5194: result: no
configure:5200: checking for intrinsics.h
configure:5200: gcc -c -O2 -I/home/delangen/magic_swan_gcc/magic/local/include -L/home/delangen/magic_swan_gcc/magic/local/lib -march=native -mtune=skylake -ffast-math -std=gnu99 -fopenmp  conftest.c >&5
conftest.c:61:10: fatal error: intrinsics.h: No such file or directory
   61 | #include <intrinsics.h>
      |          ^~~~~~~~~~~~~~
compilation terminated.
configure:5200: $? = 1
configure: failed program was:
| /* confdefs.h */
| #define PACKAGE_NAME "SHTns"
| #define PACKAGE_TARNAME "shtns"
| #define PACKAGE_VERSION "3.5.2"
| #define PACKAGE_STRING "SHTns 3.5.2"
| #define PACKAGE_BUGREPORT ""
| #define PACKAGE_URL "https://bitbucket.org/nschaeff/shtns"
| #define HAVE_STDIO_H 1
| #define HAVE_STDLIB_H 1
| #define HAVE_STRING_H 1
| #define HAVE_INTTYPES_H 1
| #define HAVE_STDINT_H 1
| #define HAVE_STRINGS_H 1
| #define HAVE_SYS_STAT_H 1
| #define HAVE_SYS_TYPES_H 1
| #define HAVE_UNISTD_H 1
| #define STDC_HEADERS 1
| #define HAVE_STDLIB_H 1
| #define HAVE_STDIO_H 1
| #define HAVE_STRING_H 1
| #define HAVE_MATH_H 1
| #define HAVE_COMPLEX_H 1
| #define HAVE_LIBM 1
| #define SHTNS4MAGIC 1
| #define HAVE_LIBFFTW3_OMP 1
| #define SHT_F77_API 1
| #define _GCC_VEC_ 1
| #define SHTNS_ISHIOKA 1
| #define SHT_VERBOSE 1
| #define HAVE_FFTW_COST 1
| #define HAVE_SYS_TIME_H 1
| /* end confdefs.h.  */
| #include <stddef.h>
| #ifdef HAVE_STDIO_H
| # include <stdio.h>
| #endif
| #ifdef HAVE_STDLIB_H
| # include <stdlib.h>
| #endif
| #ifdef HAVE_STRING_H
| # include <string.h>
| #endif
| #ifdef HAVE_INTTYPES_H
| # include <inttypes.h>
| #endif
| #ifdef HAVE_STDINT_H
| # include <stdint.h>
| #endif
| #ifdef HAVE_STRINGS_H
| # include <strings.h>
| #endif
| #ifdef HAVE_SYS_TYPES_H
| # include <sys/types.h>
| #endif
| #ifdef HAVE_SYS_STAT_H
| # include <sys/stat.h>
| #endif
| #ifdef HAVE_UNISTD_H
| # include <unistd.h>
| #endif
| #include <intrinsics.h>
configure:5200: result: no
configure:5206: checking for mach/mach_time.h
configure:5206: gcc -c -O2 -I/home/delangen/magic_swan_gcc/magic/local/include -L/home/delangen/magic_swan_gcc/magic/local/lib -march=native -mtune=skylake -ffast-math -std=gnu99 -fopenmp  conftest.c >&5
conftest.c:61:10: fatal error: mach/mach_time.h: No such file or directory
   61 | #include <mach/mach_time.h>
      |          ^~~~~~~~~~~~~~~~~~
compilation terminated.
configure:5206: $? = 1
configure: failed program was:
| /* confdefs.h */
| #define PACKAGE_NAME "SHTns"
| #define PACKAGE_TARNAME "shtns"
| #define PACKAGE_VERSION "3.5.2"
| #define PACKAGE_STRING "SHTns 3.5.2"
| #define PACKAGE_BUGREPORT ""
| #define PACKAGE_URL "https://bitbucket.org/nschaeff/shtns"
| #define HAVE_STDIO_H 1
| #define HAVE_STDLIB_H 1
| #define HAVE_STRING_H 1
| #define HAVE_INTTYPES_H 1
| #define HAVE_STDINT_H 1
| #define HAVE_STRINGS_H 1
| #define HAVE_SYS_STAT_H 1
| #define HAVE_SYS_TYPES_H 1
| #define HAVE_UNISTD_H 1
| #define STDC_HEADERS 1
| #define HAVE_STDLIB_H 1
| #define HAVE_STDIO_H 1
| #define HAVE_STRING_H 1
| #define HAVE_MATH_H 1
| #define HAVE_COMPLEX_H 1
| #define HAVE_LIBM 1
| #define SHTNS4MAGIC 1
| #define HAVE_LIBFFTW3_OMP 1
| #define SHT_F77_API 1
| #define _GCC_VEC_ 1
| #define SHTNS_ISHIOKA 1
| #define SHT_VERBOSE 1
| #define HAVE_FFTW_COST 1
| #define HAVE_SYS_TIME_H 1
| /* end confdefs.h.  */
| #include <stddef.h>
| #ifdef HAVE_STDIO_H
| # include <stdio.h>
| #endif
| #ifdef HAVE_STDLIB_H
| # include <stdlib.h>
| #endif
| #ifdef HAVE_STRING_H
| # include <string.h>
| #endif
| #ifdef HAVE_INTTYPES_H
| # include <inttypes.h>
| #endif
| #ifdef HAVE_STDINT_H
| # include <stdint.h>
| #endif
| #ifdef HAVE_STRINGS_H
| # include <strings.h>
| #endif
| #ifdef HAVE_SYS_TYPES_H
| # include <sys/types.h>
| #endif
| #ifdef HAVE_SYS_STAT_H
| # include <sys/stat.h>
| #endif
| #ifdef HAVE_UNISTD_H
| # include <unistd.h>
| #endif
| #include <mach/mach_time.h>
configure:5206: result: no
configure:5214: checking for hrtime_t
configure:5214: gcc -c -O2 -I/home/delangen/magic_swan_gcc/magic/local/include -L/home/delangen/magic_swan_gcc/magic/local/lib -march=native -mtune=skylake -ffast-math -std=gnu99 -fopenmp  conftest.c >&5
conftest.c: In function 'main':
conftest.c:40:13: error: 'hrtime_t' undeclared (first use in this function); did you mean 'time_t'?
   40 | if (sizeof (hrtime_t))
      |             ^~~~~~~~
      |             time_t
conftest.c:40:13: note: each undeclared identifier is reported only once for each function it appears in
configure:5214: $? = 1
configure: failed program was:
| /* confdefs.h */
| #define PACKAGE_NAME "SHTns"
| #define PACKAGE_TARNAME "shtns"
| #define PACKAGE_VERSION "3.5.2"
| #define PACKAGE_STRING "SHTns 3.5.2"
| #define PACKAGE_BUGREPORT ""
| #define PACKAGE_URL "https://bitbucket.org/nschaeff/shtns"
| #define HAVE_STDIO_H 1
| #define HAVE_STDLIB_H 1
| #define HAVE_STRING_H 1
| #define HAVE_INTTYPES_H 1
| #define HAVE_STDINT_H 1
| #define HAVE_STRINGS_H 1
| #define HAVE_SYS_STAT_H 1
| #define HAVE_SYS_TYPES_H 1
| #define HAVE_UNISTD_H 1
| #define STDC_HEADERS 1
| #define HAVE_STDLIB_H 1
| #define HAVE_STDIO_H 1
| #define HAVE_STRING_H 1
| #define HAVE_MATH_H 1
| #define HAVE_COMPLEX_H 1
| #define HAVE_LIBM 1
| #define SHTNS4MAGIC 1
| #define HAVE_LIBFFTW3_OMP 1
| #define SHT_F77_API 1
| #define _GCC_VEC_ 1
| #define SHTNS_ISHIOKA 1
| #define SHT_VERBOSE 1
| #define HAVE_FFTW_COST 1
| #define HAVE_SYS_TIME_H 1
| /* end confdefs.h.  */
| #if HAVE_SYS_TIME_H
| #include <sys/time.h>
| #endif
| 
| int
| main (void)
| {
| if (sizeof (hrtime_t))
| 	 return 0;
|   ;
|   return 0;
| }
configure:5214: result: no
configure:5226: checking for gethrtime
configure:5226: gcc -o conftest -O2 -I/home/delangen/magic_swan_gcc/magic/local/include -L/home/delangen/magic_swan_gcc/magic/local/lib -march=native -mtune=skylake -ffast-math -std=gnu99 -fopenmp   -L/sw/eb/imkl/2023.1.0/mkl/2023.1.0/lib/intel64 conftest.c -Wl,--start-group -lmkl_intel_lp64 -lmkl_gnu_thread -lmkl_core -Wl,--end-group -lm  >&5
/sw/eb/binutils/2.40-GCCcore-12.3.0/bin/ld: /tmp/ccEQJN0X.o: in function `main':
conftest.c:(.text.startup+0x7): undefined reference to `gethrtime'
collect2: error: ld returned 1 exit status
configure:5226: $? = 1
configure: failed program was:
| /* confdefs.h */
| #define PACKAGE_NAME "SHTns"
| #define PACKAGE_TARNAME "shtns"
| #define PACKAGE_VERSION "3.5.2"
| #define PACKAGE_STRING "SHTns 3.5.2"
| #define PACKAGE_BUGREPORT ""
| #define PACKAGE_URL "https://bitbucket.org/nschaeff/shtns"
| #define HAVE_STDIO_H 1
| #define HAVE_STDLIB_H 1
| #define HAVE_STRING_H 1
| #define HAVE_INTTYPES_H 1
| #define HAVE_STDINT_H 1
| #define HAVE_STRINGS_H 1
| #define HAVE_SYS_STAT_H 1
| #define HAVE_SYS_TYPES_H 1
| #define HAVE_UNISTD_H 1
| #define STDC_HEADERS 1
| #define HAVE_STDLIB_H 1
| #define HAVE_STDIO_H 1
| #define HAVE_STRING_H 1
| #define HAVE_MATH_H 1
| #define HAVE_COMPLEX_H 1
| #define HAVE_LIBM 1
| #define SHTNS4MAGIC 1
| #define HAVE_LIBFFTW3_OMP 1
| #define SHT_F77_API 1
| #define _GCC_VEC_ 1
| #define SHTNS_ISHIOKA 1
| #define SHT_VERBOSE 1
| #define HAVE_FFTW_COST 1
| #define HAVE_SYS_TIME_H 1
| /* end confdefs.h.  */
| /* Define gethrtime to an innocuous variant, in case <limits.h> declares gethrtime.
|    For example, HP-UX 11i <limits.h> declares gettimeofday.  */
| #define gethrtime innocuous_gethrtime
| 
| /* System header to define __stub macros and hopefully few prototypes,
|    which can conflict with char gethrtime (); below.  */
| 
| #include <limits.h>
| #undef gethrtime
| 
| /* Override any GCC internal prototype to avoid an error.
|    Use char because int might match the return type of a GCC
|    builtin and then its argument prototype would still apply.  */
| #ifdef __cplusplus
| extern "C"
| #endif
| char gethrtime ();
| /* The GNU C library defines this for functions which it implements
|     to always fail with ENOSYS.  Some functions are actually named
|     something starting with __ and the normal name is an alias.  */
| #if defined __stub_gethrtime || defined __stub___gethrtime
| choke me
| #endif
| 
| int
| main (void)
| {
| return gethrtime ();
|   ;
|   return 0;
| }
configure:5226: result: no
configure:5232: checking for read_real_time
configure:5232: gcc -o conftest -O2 -I/home/delangen/magic_swan_gcc/magic/local/include -L/home/delangen/magic_swan_gcc/magic/local/lib -march=native -mtune=skylake -ffast-math -std=gnu99 -fopenmp   -L/sw/eb/imkl/2023.1.0/mkl/2023.1.0/lib/intel64 conftest.c -Wl,--start-group -lmkl_intel_lp64 -lmkl_gnu_thread -lmkl_core -Wl,--end-group -lm  >&5
/sw/eb/binutils/2.40-GCCcore-12.3.0/bin/ld: /tmp/ccsn9dbc.o: in function `main':
conftest.c:(.text.startup+0x7): undefined reference to `read_real_time'
collect2: error: ld returned 1 exit status
configure:5232: $? = 1
configure: failed program was:
| /* confdefs.h */
| #define PACKAGE_NAME "SHTns"
| #define PACKAGE_TARNAME "shtns"
| #define PACKAGE_VERSION "3.5.2"
| #define PACKAGE_STRING "SHTns 3.5.2"
| #define PACKAGE_BUGREPORT ""
| #define PACKAGE_URL "https://bitbucket.org/nschaeff/shtns"
| #define HAVE_STDIO_H 1
| #define HAVE_STDLIB_H 1
| #define HAVE_STRING_H 1
| #define HAVE_INTTYPES_H 1
| #define HAVE_STDINT_H 1
| #define HAVE_STRINGS_H 1
| #define HAVE_SYS_STAT_H 1
| #define HAVE_SYS_TYPES_H 1
| #define HAVE_UNISTD_H 1
| #define STDC_HEADERS 1
| #define HAVE_STDLIB_H 1
| #define HAVE_STDIO_H 1
| #define HAVE_STRING_H 1
| #define HAVE_MATH_H 1
| #define HAVE_COMPLEX_H 1
| #define HAVE_LIBM 1
| #define SHTNS4MAGIC 1
| #define HAVE_LIBFFTW3_OMP 1
| #define SHT_F77_API 1
| #define _GCC_VEC_ 1
| #define SHTNS_ISHIOKA 1
| #define SHT_VERBOSE 1
| #define HAVE_FFTW_COST 1
| #define HAVE_SYS_TIME_H 1
| /* end confdefs.h.  */
| /* Define read_real_time to an innocuous variant, in case <limits.h> declares read_real_time.
|    For example, HP-UX 11i <limits.h> declares gettimeofday.  */
| #define read_real_time innocuous_read_real_time
| 
| /* System header to define __stub macros and hopefully few prototypes,
|    which can conflict with char read_real_time (); below.  */
| 
| #include <limits.h>
| #undef read_real_time
| 
| /* Override any GCC internal prototype to avoid an error.
|    Use char because int might match the return type of a GCC
|    builtin and then its argument prototype would still apply.  */
| #ifdef __cplusplus
| extern "C"
| #endif
| char read_real_time ();
| /* The GNU C library defines this for functions which it implements
|     to always fail with ENOSYS.  Some functions are actually named
|     something starting with __ and the normal name is an alias.  */
| #if defined __stub_read_real_time || defined __stub___read_real_time
| choke me
| #endif
| 
| int
| main (void)
| {
| return read_real_time ();
|   ;
|   return 0;
| }
configure:5232: result: no
configure:5238: checking for time_base_to_time
configure:5238: gcc -o conftest -O2 -I/home/delangen/magic_swan_gcc/magic/local/include -L/home/delangen/magic_swan_gcc/magic/local/lib -march=native -mtune=skylake -ffast-math -std=gnu99 -fopenmp   -L/sw/eb/imkl/2023.1.0/mkl/2023.1.0/lib/intel64 conftest.c -Wl,--start-group -lmkl_intel_lp64 -lmkl_gnu_thread -lmkl_core -Wl,--end-group -lm  >&5
/sw/eb/binutils/2.40-GCCcore-12.3.0/bin/ld: /tmp/ccAUzMbw.o: in function `main':
conftest.c:(.text.startup+0x7): undefined reference to `time_base_to_time'
collect2: error: ld returned 1 exit status
configure:5238: $? = 1
configure: failed program was:
| /* confdefs.h */
| #define PACKAGE_NAME "SHTns"
| #define PACKAGE_TARNAME "shtns"
| #define PACKAGE_VERSION "3.5.2"
| #define PACKAGE_STRING "SHTns 3.5.2"
| #define PACKAGE_BUGREPORT ""
| #define PACKAGE_URL "https://bitbucket.org/nschaeff/shtns"
| #define HAVE_STDIO_H 1
| #define HAVE_STDLIB_H 1
| #define HAVE_STRING_H 1
| #define HAVE_INTTYPES_H 1
| #define HAVE_STDINT_H 1
| #define HAVE_STRINGS_H 1
| #define HAVE_SYS_STAT_H 1
| #define HAVE_SYS_TYPES_H 1
| #define HAVE_UNISTD_H 1
| #define STDC_HEADERS 1
| #define HAVE_STDLIB_H 1
| #define HAVE_STDIO_H 1
| #define HAVE_STRING_H 1
| #define HAVE_MATH_H 1
| #define HAVE_COMPLEX_H 1
| #define HAVE_LIBM 1
| #define SHTNS4MAGIC 1
| #define HAVE_LIBFFTW3_OMP 1
| #define SHT_F77_API 1
| #define _GCC_VEC_ 1
| #define SHTNS_ISHIOKA 1
| #define SHT_VERBOSE 1
| #define HAVE_FFTW_COST 1
| #define HAVE_SYS_TIME_H 1
| /* end confdefs.h.  */
| /* Define time_base_to_time to an innocuous variant, in case <limits.h> declares time_base_to_time.
|    For example, HP-UX 11i <limits.h> declares gettimeofday.  */
| #define time_base_to_time innocuous_time_base_to_time
| 
| /* System header to define __stub macros and hopefully few prototypes,
|    which can conflict with char time_base_to_time (); below.  */
| 
| #include <limits.h>
| #undef time_base_to_time
| 
| /* Override any GCC internal prototype to avoid an error.
|    Use char because int might match the return type of a GCC
|    builtin and then its argument prototype would still apply.  */
| #ifdef __cplusplus
| extern "C"
| #endif
| char time_base_to_time ();
| /* The GNU C library defines this for functions which it implements
|     to always fail with ENOSYS.  Some functions are actually named
|     something starting with __ and the normal name is an alias.  */
| #if defined __stub_time_base_to_time || defined __stub___time_base_to_time
| choke me
| #endif
| 
| int
| main (void)
| {
| return time_base_to_time ();
|   ;
|   return 0;
| }
configure:5238: result: no
configure:5244: checking for clock_gettime
configure:5244: gcc -o conftest -O2 -I/home/delangen/magic_swan_gcc/magic/local/include -L/home/delangen/magic_swan_gcc/magic/local/lib -march=native -mtune=skylake -ffast-math -std=gnu99 -fopenmp   -L/sw/eb/imkl/2023.1.0/mkl/2023.1.0/lib/intel64 conftest.c -Wl,--start-group -lmkl_intel_lp64 -lmkl_gnu_thread -lmkl_core -Wl,--end-group -lm  >&5
configure:5244: $? = 0
configure:5244: result: yes
configure:5250: checking for mach_absolute_time
configure:5250: gcc -o conftest -O2 -I/home/delangen/magic_swan_gcc/magic/local/include -L/home/delangen/magic_swan_gcc/magic/local/lib -march=native -mtune=skylake -ffast-math -std=gnu99 -fopenmp   -L/sw/eb/imkl/2023.1.0/mkl/2023.1.0/lib/intel64 conftest.c -Wl,--start-group -lmkl_intel_lp64 -lmkl_gnu_thread -lmkl_core -Wl,--end-group -lm  >&5
/sw/eb/binutils/2.40-GCCcore-12.3.0/bin/ld: /tmp/ccG033Us.o: in function `main':
conftest.c:(.text.startup+0x7): undefined reference to `mach_absolute_time'
collect2: error: ld returned 1 exit status
configure:5250: $? = 1
configure: failed program was:
| /* confdefs.h */
| #define PACKAGE_NAME "SHTns"
| #define PACKAGE_TARNAME "shtns"
| #define PACKAGE_VERSION "3.5.2"
| #define PACKAGE_STRING "SHTns 3.5.2"
| #define PACKAGE_BUGREPORT ""
| #define PACKAGE_URL "https://bitbucket.org/nschaeff/shtns"
| #define HAVE_STDIO_H 1
| #define HAVE_STDLIB_H 1
| #define HAVE_STRING_H 1
| #define HAVE_INTTYPES_H 1
| #define HAVE_STDINT_H 1
| #define HAVE_STRINGS_H 1
| #define HAVE_SYS_STAT_H 1
| #define HAVE_SYS_TYPES_H 1
| #define HAVE_UNISTD_H 1
| #define STDC_HEADERS 1
| #define HAVE_STDLIB_H 1
| #define HAVE_STDIO_H 1
| #define HAVE_STRING_H 1
| #define HAVE_MATH_H 1
| #define HAVE_COMPLEX_H 1
| #define HAVE_LIBM 1
| #define SHTNS4MAGIC 1
| #define HAVE_LIBFFTW3_OMP 1
| #define SHT_F77_API 1
| #define _GCC_VEC_ 1
| #define SHTNS_ISHIOKA 1
| #define SHT_VERBOSE 1
| #define HAVE_FFTW_COST 1
| #define HAVE_SYS_TIME_H 1
| #define HAVE_CLOCK_GETTIME 1
| /* end confdefs.h.  */
| /* Define mach_absolute_time to an innocuous variant, in case <limits.h> declares mach_absolute_time.
|    For example, HP-UX 11i <limits.h> declares gettimeofday.  */
| #define mach_absolute_time innocuous_mach_absolute_time
| 
| /* System header to define __stub macros and hopefully few prototypes,
|    which can conflict with char mach_absolute_time (); below.  */
| 
| #include <limits.h>
| #undef mach_absolute_time
| 
| /* Override any GCC internal prototype to avoid an error.
|    Use char because int might match the return type of a GCC
|    builtin and then its argument prototype would still apply.  */
| #ifdef __cplusplus
| extern "C"
| #endif
| char mach_absolute_time ();
| /* The GNU C library defines this for functions which it implements
|     to always fail with ENOSYS.  Some functions are actually named
|     something starting with __ and the normal name is an alias.  */
| #if defined __stub_mach_absolute_time || defined __stub___mach_absolute_time
| choke me
| #endif
| 
| int
| main (void)
| {
| return mach_absolute_time ();
|   ;
|   return 0;
| }
configure:5250: result: no
configure:5258: checking for _rtc intrinsic
configure:5274: gcc -o conftest -O2 -I/home/delangen/magic_swan_gcc/magic/local/include -L/home/delangen/magic_swan_gcc/magic/local/lib -march=native -mtune=skylake -ffast-math -std=gnu99 -fopenmp   -L/sw/eb/imkl/2023.1.0/mkl/2023.1.0/lib/intel64 conftest.c -Wl,--start-group -lmkl_intel_lp64 -lmkl_gnu_thread -lmkl_core -Wl,--end-group -lm  >&5
conftest.c: In function 'main':
conftest.c:40:1: warning: implicit declaration of function '_rtc' [-Wimplicit-function-declaration]
   40 | _rtc()
      | ^~~~
/sw/eb/binutils/2.40-GCCcore-12.3.0/bin/ld: /tmp/ccGPAPsG.o: in function `main':
conftest.c:(.text.startup+0x7): undefined reference to `_rtc'
collect2: error: ld returned 1 exit status
configure:5274: $? = 1
configure: failed program was:
| /* confdefs.h */
| #define PACKAGE_NAME "SHTns"
| #define PACKAGE_TARNAME "shtns"
| #define PACKAGE_VERSION "3.5.2"
| #define PACKAGE_STRING "SHTns 3.5.2"
| #define PACKAGE_BUGREPORT ""
| #define PACKAGE_URL "https://bitbucket.org/nschaeff/shtns"
| #define HAVE_STDIO_H 1
| #define HAVE_STDLIB_H 1
| #define HAVE_STRING_H 1
| #define HAVE_INTTYPES_H 1
| #define HAVE_STDINT_H 1
| #define HAVE_STRINGS_H 1
| #define HAVE_SYS_STAT_H 1
| #define HAVE_SYS_TYPES_H 1
| #define HAVE_UNISTD_H 1
| #define STDC_HEADERS 1
| #define HAVE_STDLIB_H 1
| #define HAVE_STDIO_H 1
| #define HAVE_STRING_H 1
| #define HAVE_MATH_H 1
| #define HAVE_COMPLEX_H 1
| #define HAVE_LIBM 1
| #define SHTNS4MAGIC 1
| #define HAVE_LIBFFTW3_OMP 1
| #define SHT_F77_API 1
| #define _GCC_VEC_ 1
| #define SHTNS_ISHIOKA 1
| #define SHT_VERBOSE 1
| #define HAVE_FFTW_COST 1
| #define HAVE_SYS_TIME_H 1
| #define HAVE_CLOCK_GETTIME 1
| /* end confdefs.h.  */
| #ifdef HAVE_INTRINSICS_H
| #include <intrinsics.h>
| #endif
| int
| main (void)
| {
| _rtc()
|   ;
|   return 0;
| }
configure:5284: result: no
configure:5405: checking for Fortran compiler version
configure:5414: mpif90 --version >&5
GNU Fortran (GCC) 12.3.0
Copyright (C) 2022 Free Software Foundation, Inc.
This is free software; see the source for copying conditions.  There is NO
warranty; not even for MERCHANTABILITY or FITNESS FOR A PARTICULAR PURPOSE.

configure:5425: $? = 0
configure:5414: mpif90 -v >&5
Using built-in specs.
COLLECT_GCC=/sw/eb/GCCcore/12.3.0/bin/gfortran
COLLECT_LTO_WRAPPER=/sw/eb/GCCcore/12.3.0/libexec/gcc/x86_64-pc-linux-gnu/12.3.0/lto-wrapper
OFFLOAD_TARGET_NAMES=nvptx-none
Target: x86_64-pc-linux-gnu
Configured with: ../configure --enable-languages=c,c++,fortran --without-cuda-driver --enable-offload-targets=nvptx-none --enable-lto --enable-checking=release --disable-multilib --enable-shared=yes --enable-static=yes --enable-threads=posix --enable-plugins --enable-gold --enable-ld=default --prefix=/sw/eb/GCCcore/12.3.0 --with-local-prefix=/sw/eb/GCCcore/12.3.0 --enable-bootstrap --with-isl=/sw/eb/easybuild/build/GCCcore/12.3.0/system-system/gcc-12.3.0/stage2_stuff --build=x86_64-pc-linux-gnu --host=x86_64-pc-linux-gnu
Thread model: posix
Supported LTO compression algorithms: zlib
gcc version 12.3.0 (GCC) 
configure:5425: $? = 0
configure:5414: mpif90 -V >&5
gfortran: error: unrecognized command-line option '-V'
gfortran: fatal error: no input files
compilation terminated.
configure:5425: $? = 1
configure:5414: mpif90 -qversion >&5
gfortran: error: unrecognized command-line option '-qversion'; did you mean '--version'?
gfortran: fatal error: no input files
compilation terminated.
configure:5425: $? = 1
configure:5434: checking whether the compiler supports GNU Fortran
configure:5448: mpif90 -c   conftest.F >&5
configure:5448: $? = 0
configure:5458: result: yes
configure:5466: checking whether mpif90 accepts -g
configure:5478: mpif90 -c -g  conftest.f >&5
configure:5478: $? = 0
configure:5487: result: yes
configure:5643: creating ./config.status

## ---------------------- ##
## Running config.status. ##
## ---------------------- ##

This file was extended by SHTns config.status 3.5.2, which was
generated by GNU Autoconf 2.71.  Invocation command line was

  CONFIG_FILES    = 
  CONFIG_HEADERS  = 
  CONFIG_LINKS    = 
  CONFIG_COMMANDS = 
  $ ./config.status 

on swanl1

config.status:823: creating Makefile
config.status:823: creating setup.py
config.status:823: creating sht_config.h
config.status:993: sht_config.h is unchanged

## ---------------- ##
## Cache variables. ##
## ---------------- ##

ac_cv_c_compiler_gnu=yes
ac_cv_c_inline=inline
ac_cv_env_CC_set=set
ac_cv_env_CC_value=gcc
ac_cv_env_CFLAGS_set=
ac_cv_env_CFLAGS_value=
ac_cv_env_CPPFLAGS_set=
ac_cv_env_CPPFLAGS_value=
ac_cv_env_FCFLAGS_set=
ac_cv_env_FCFLAGS_value=
ac_cv_env_FC_set=set
ac_cv_env_FC_value=mpif90
ac_cv_env_LDFLAGS_set=
ac_cv_env_LDFLAGS_value=
ac_cv_env_LIBS_set=
ac_cv_env_LIBS_value=
ac_cv_env_PYTHON_set=
ac_cv_env_PYTHON_value=
ac_cv_env_build_alias_set=
ac_cv_env_build_alias_value=
ac_cv_env_host_alias_set=
ac_cv_env_host_alias_value=
ac_cv_env_target_alias_set=
ac_cv_env_target_alias_value=
ac_cv_fc_compiler_gnu=yes
ac_cv_func_clock_gettime=yes
ac_cv_func_fftw_cost=yes
ac_cv_func_fftw_plan_many_dft=no
ac_cv_func_gethrtime=no
ac_cv_func_mach_absolute_time=no
ac_cv_func_read_real_time=no
ac_cv_func_time_base_to_time=no
ac_cv_header_c_asm_h=no
ac_cv_header_complex_h=yes
ac_cv_header_intrinsics_h=no
ac_cv_header_inttypes_h=yes
ac_cv_header_mach_mach_time_h=no
ac_cv_header_math_h=yes
ac_cv_header_stdint_h=yes
ac_cv_header_stdio_h=yes
ac_cv_header_stdlib_h=yes
ac_cv_header_string_h=yes
ac_cv_header_strings_h=yes
ac_cv_header_sys_stat_h=yes
ac_cv_header_sys_time_h=yes
ac_cv_header_sys_types_h=yes
ac_cv_header_unistd_h=yes
ac_cv_lib_m_cos=yes
ac_cv_lib_mkl_intel_lp64_fftw_plan_many_dft=yes
ac_cv_objext=o
ac_cv_path_SED=/usr/bin/sed
ac_cv_prog_ac_ct_CC=gcc
ac_cv_prog_c_openmp=-fopenmp
ac_cv_prog_cc_c11=
ac_cv_prog_cc_g=yes
ac_cv_prog_cc_stdc=
ac_cv_prog_fc_g=yes
ac_cv_type_hrtime_t=no
ac_cv_type_size_t=yes

## ----------------- ##
## Output variables. ##
## ----------------- ##

CC2='gcc'
CC='gcc'
CFLAGS2='-O2 -I/home/delangen/magic_swan_gcc/magic/local/include -L/home/delangen/magic_swan_gcc/magic/local/lib -march=native -mtune=skylake -O3 -ffast-math -std=gnu99 -fopenmp-simd -fno-tree-loop-distribute-patterns -mno-vzeroupper'
CFLAGS='-O2 -I/home/delangen/magic_swan_gcc/magic/local/include -L/home/delangen/magic_swan_gcc/magic/local/lib -march=native -mtune=skylake -ffast-math -std=gnu99 -fopenmp'
CPPFLAGS=''
DEFS='-DHAVE_CONFIG_H'
ECHO_C=''
ECHO_N='-n'
ECHO_T=''
EXEEXT=''
FC='mpif90'
FCFLAGS='-g -O2'
FFLAGS='-O2 -I/home/delangen/magic_swan_gcc/magic/local/include -L/home/delangen/magic_swan_gcc/magic/local/lib'
LDFLAGS=' -L/sw/eb/imkl/2023.1.0/mkl/2023.1.0/lib/intel64'
LIBOBJS=''
LIBS='-Wl,--start-group -lmkl_intel_lp64 -lmkl_gnu_thread -lmkl_core -Wl,--end-group -lm '
LTLIBOBJS=''
OBJEXT='o'
OPENMP_CFLAGS='-fopenmp'
PACKAGE_BUGREPORT=''
PACKAGE_NAME='SHTns'
PACKAGE_STRING='SHTns 3.5.2'
PACKAGE_TARNAME='shtns'
PACKAGE_URL='https://bitbucket.org/nschaeff/shtns'
PACKAGE_VERSION='3.5.2'
PATH_SEPARATOR=':'
PYTHON=''
SED='/usr/bin/sed'
SHELL='/bin/sh'
ac_ct_CC='gcc'
ac_ct_FC=''
bindir='${exec_prefix}/bin'
build_alias=''
datadir='${datarootdir}'
datarootdir='${prefix}/share'
docdir='${datarootdir}/doc/${PACKAGE_TARNAME}'
dvidir='${docdir}'
exec_prefix='${prefix}'
host_alias=''
htmldir='${docdir}'
includedir='${prefix}/include'
infodir='${datarootdir}/info'
install='install-lib'
libdir='${exec_prefix}/lib'
libexecdir='${exec_prefix}/libexec'
libname='libshtns_omp.a'
localedir='${datarootdir}/locale'
localstatedir='${prefix}/var'
mandir='${datarootdir}/man'
numpy_inc=''
nvcc_flags='-Xcompiler -fopenmp'
objs='sht_fly.o sht_omp.o'
oldincludedir='/usr/include'
pdfdir='${docdir}'
prefix='/home/delangen/magic_swan_gcc/magic/local'
program_transform_name='s,x,x,'
psdir='${docdir}'
python_inc=''
runstatedir='${localstatedir}/run'
sbindir='${exec_prefix}/sbin'
sharedstatedir='${prefix}/com'
sysconfdir='${prefix}/etc'
target='libshtns_omp.a'
target_alias=''

## ----------- ##
## confdefs.h. ##
## ----------- ##

/* confdefs.h */
#define PACKAGE_NAME "SHTns"
#define PACKAGE_TARNAME "shtns"
#define PACKAGE_VERSION "3.5.2"
#define PACKAGE_STRING "SHTns 3.5.2"
#define PACKAGE_BUGREPORT ""
#define PACKAGE_URL "https://bitbucket.org/nschaeff/shtns"
#define HAVE_STDIO_H 1
#define HAVE_STDLIB_H 1
#define HAVE_STRING_H 1
#define HAVE_INTTYPES_H 1
#define HAVE_STDINT_H 1
#define HAVE_STRINGS_H 1
#define HAVE_SYS_STAT_H 1
#define HAVE_SYS_TYPES_H 1
#define HAVE_UNISTD_H 1
#define STDC_HEADERS 1
#define HAVE_STDLIB_H 1
#define HAVE_STDIO_H 1
#define HAVE_STRING_H 1
#define HAVE_MATH_H 1
#define HAVE_COMPLEX_H 1
#define HAVE_LIBM 1
#define SHTNS4MAGIC 1
#define HAVE_LIBFFTW3_OMP 1
#define SHT_F77_API 1
#define _GCC_VEC_ 1
#define SHTNS_ISHIOKA 1
#define SHT_VERBOSE 1
#define HAVE_FFTW_COST 1
#define HAVE_SYS_TIME_H 1
#define HAVE_CLOCK_GETTIME 1

configure: exit 0
