Determining if the Fortran sgemm exists failed with the following output:
Change Dir: /home/delangen/magic_swan_gcc/magic/build/CMakeFiles/CMakeTmp

Run Build Command(s):/usr/bin/gmake -f Makefile cmTC_7a924/fast && /usr/bin/gmake  -f CMakeFiles/cmTC_7a924.dir/build.make CMakeFiles/cmTC_7a924.dir/build
gmake[1]: Entering directory '/home/delangen/magic_swan_gcc/magic/build/CMakeFiles/CMakeTmp'
Building Fortran object CMakeFiles/cmTC_7a924.dir/testFortranCompiler.f.o
/sw/eb/OpenMPI/4.1.5-GCC-12.3.0/bin/mpif90    -c /home/delangen/magic_swan_gcc/magic/build/CMakeFiles/CMakeTmp/testFortranCompiler.f -o CMakeFiles/cmTC_7a924.dir/testFortranCompiler.f.o
Linking Fortran executable cmTC_7a924
/usr/bin/cmake -E cmake_link_script CMakeFiles/cmTC_7a924.dir/link.txt --verbose=1
/sw/eb/OpenMPI/4.1.5-GCC-12.3.0/bin/mpif90 CMakeFiles/cmTC_7a924.dir/testFortranCompiler.f.o -o cmTC_7a924 
/sw/eb/binutils/2.40-GCCcore-12.3.0/bin/ld: CMakeFiles/cmTC_7a924.dir/testFortranCompiler.f.o: in function `MAIN__':
testFortranCompiler.f:(.text+0xa): undefined reference to `sgemm_'
collect2: error: ld returned 1 exit status
gmake[1]: *** [CMakeFiles/cmTC_7a924.dir/build.make:99: cmTC_7a924] Error 1
gmake[1]: Leaving directory '/home/delangen/magic_swan_gcc/magic/build/CMakeFiles/CMakeTmp'
gmake: *** [Makefile:127: cmTC_7a924/fast] Error 2



Performing C SOURCE FILE Test CMAKE_HAVE_LIBC_PTHREAD failed with the following output:
Change Dir: /home/delangen/magic_swan_gcc/magic/build/CMakeFiles/CMakeTmp

Run Build Command(s):/usr/bin/gmake -f Makefile cmTC_7c3c3/fast && /usr/bin/gmake  -f CMakeFiles/cmTC_7c3c3.dir/build.make CMakeFiles/cmTC_7c3c3.dir/build
gmake[1]: Entering directory '/home/delangen/magic_swan_gcc/magic/build/CMakeFiles/CMakeTmp'
Building C object CMakeFiles/cmTC_7c3c3.dir/src.c.o
/sw/eb/GCCcore/12.3.0/bin/gcc -DCMAKE_HAVE_LIBC_PTHREAD   -o CMakeFiles/cmTC_7c3c3.dir/src.c.o -c /home/delangen/magic_swan_gcc/magic/build/CMakeFiles/CMakeTmp/src.c
Linking C executable cmTC_7c3c3
/usr/bin/cmake -E cmake_link_script CMakeFiles/cmTC_7c3c3.dir/link.txt --verbose=1
/sw/eb/GCCcore/12.3.0/bin/gcc CMakeFiles/cmTC_7c3c3.dir/src.c.o -o cmTC_7c3c3 
/sw/eb/binutils/2.40-GCCcore-12.3.0/bin/ld: CMakeFiles/cmTC_7c3c3.dir/src.c.o: in function `main':
src.c:(.text+0x2d): undefined reference to `pthread_create'
/sw/eb/binutils/2.40-GCCcore-12.3.0/bin/ld: src.c:(.text+0x39): undefined reference to `pthread_detach'
/sw/eb/binutils/2.40-GCCcore-12.3.0/bin/ld: src.c:(.text+0x45): undefined reference to `pthread_cancel'
/sw/eb/binutils/2.40-GCCcore-12.3.0/bin/ld: src.c:(.text+0x56): undefined reference to `pthread_join'
collect2: error: ld returned 1 exit status
gmake[1]: *** [CMakeFiles/cmTC_7c3c3.dir/build.make:99: cmTC_7c3c3] Error 1
gmake[1]: Leaving directory '/home/delangen/magic_swan_gcc/magic/build/CMakeFiles/CMakeTmp'
gmake: *** [Makefile:127: cmTC_7c3c3/fast] Error 2


Source file was:
#include <pthread.h>

static void* test_func(void* data)
{
  return data;
}

int main(void)
{
  pthread_t thread;
  pthread_create(&thread, NULL, test_func, NULL);
  pthread_detach(thread);
  pthread_cancel(thread);
  pthread_join(thread, NULL);
  pthread_atfork(NULL, NULL, NULL);
  pthread_exit(NULL);

  return 0;
}

Determining if the function pthread_create exists in the pthreads failed with the following output:
Change Dir: /home/delangen/magic_swan_gcc/magic/build/CMakeFiles/CMakeTmp

Run Build Command(s):/usr/bin/gmake -f Makefile cmTC_f9fc5/fast && /usr/bin/gmake  -f CMakeFiles/cmTC_f9fc5.dir/build.make CMakeFiles/cmTC_f9fc5.dir/build
gmake[1]: Entering directory '/home/delangen/magic_swan_gcc/magic/build/CMakeFiles/CMakeTmp'
Building C object CMakeFiles/cmTC_f9fc5.dir/CheckFunctionExists.c.o
/sw/eb/GCCcore/12.3.0/bin/gcc   -DCHECK_FUNCTION_EXISTS=pthread_create -o CMakeFiles/cmTC_f9fc5.dir/CheckFunctionExists.c.o -c /usr/share/cmake/Modules/CheckFunctionExists.c
Linking C executable cmTC_f9fc5
/usr/bin/cmake -E cmake_link_script CMakeFiles/cmTC_f9fc5.dir/link.txt --verbose=1
/sw/eb/GCCcore/12.3.0/bin/gcc  -DCHECK_FUNCTION_EXISTS=pthread_create CMakeFiles/cmTC_f9fc5.dir/CheckFunctionExists.c.o -o cmTC_f9fc5  -lpthreads 
/sw/eb/binutils/2.40-GCCcore-12.3.0/bin/ld: cannot find -lpthreads: No such file or directory
collect2: error: ld returned 1 exit status
gmake[1]: *** [CMakeFiles/cmTC_f9fc5.dir/build.make:99: cmTC_f9fc5] Error 1
gmake[1]: Leaving directory '/home/delangen/magic_swan_gcc/magic/build/CMakeFiles/CMakeTmp'
gmake: *** [Makefile:127: cmTC_f9fc5/fast] Error 2



